2021-09-19 11:27:40.868 [restartedMain] WARN  com.netflix.config.sources.URLConfigurationSource - No URLs will be polled as dynamic configuration sources.
2021-09-19 11:27:40.876 [restartedMain] WARN  com.netflix.config.sources.URLConfigurationSource - No URLs will be polled as dynamic configuration sources.
2021-09-19 16:05:42.827 [restartedMain] WARN  com.netflix.config.sources.URLConfigurationSource - No URLs will be polled as dynamic configuration sources.
2021-09-19 16:05:42.834 [restartedMain] WARN  com.netflix.config.sources.URLConfigurationSource - No URLs will be polled as dynamic configuration sources.
2021-09-19 16:08:06.815 [restartedMain] WARN  com.netflix.config.sources.URLConfigurationSource - No URLs will be polled as dynamic configuration sources.
2021-09-19 16:08:06.822 [restartedMain] WARN  com.netflix.config.sources.URLConfigurationSource - No URLs will be polled as dynamic configuration sources.
2021-09-19 16:12:09.926 [http-nio-8201-exec-3] WARN  o.s.w.s.m.m.a.ExceptionHandlerExceptionResolver - Resolved [org.springframework.web.HttpRequestMethodNotSupportedException: Request method 'GET' not supported]
2021-09-19 16:19:48.344 [http-nio-8201-exec-5] WARN  o.s.w.s.m.m.a.ExceptionHandlerExceptionResolver - Resolved [org.springframework.web.HttpRequestMethodNotSupportedException: Request method 'GET' not supported]
2021-09-19 16:32:13.143 [http-nio-8201-exec-8] WARN  o.s.w.s.m.m.a.ExceptionHandlerExceptionResolver - Resolved [org.springframework.web.HttpRequestMethodNotSupportedException: Request method 'GET' not supported]
2021-09-19 23:24:01.603 [restartedMain] WARN  com.netflix.config.sources.URLConfigurationSource - No URLs will be polled as dynamic configuration sources.
2021-09-19 23:24:01.603 [restartedMain] WARN  com.netflix.config.sources.URLConfigurationSource - No URLs will be polled as dynamic configuration sources.
2021-09-19 23:25:04.490 [http-nio-8201-exec-4] WARN  o.s.w.s.m.m.a.ExceptionHandlerExceptionResolver - Resolved [org.mybatis.spring.MyBatisSystemException: nested exception is org.apache.ibatis.exceptions.PersistenceException: 
### Error querying database.  Cause: org.springframework.jdbc.CannotGetJdbcConnectionException: Failed to obtain JDBC Connection; nested exception is com.mysql.jdbc.exceptions.jdbc4.CommunicationsException: Communications link failure

The last packet sent successfully to the server was 0 milliseconds ago. The driver has not received any packets from the server.
### The error may exist in com/atguigu/yygh/hosp/mapper/HospitalSetMapper.java (best guess)
### The error may involve com.atguigu.yygh.hosp.mapper.HospitalSetMapper.selectList
### The error occurred while executing a query
### Cause: org.springframework.jdbc.CannotGetJdbcConnectionException: Failed to obtain JDBC Connection; nested exception is com.mysql.jdbc.exceptions.jdbc4.CommunicationsException: Communications link failure

The last packet sent successfully to the server was 0 milliseconds ago. The driver has not received any packets from the server.]
2021-09-19 23:46:07.714 [http-nio-8201-exec-10] WARN  o.s.w.s.m.m.a.ExceptionHandlerExceptionResolver - Resolved [org.mybatis.spring.MyBatisSystemException: nested exception is org.apache.ibatis.exceptions.PersistenceException: 
### Error querying database.  Cause: org.springframework.jdbc.CannotGetJdbcConnectionException: Failed to obtain JDBC Connection; nested exception is java.sql.SQLException: Access denied for user 'root'@'localhost' (using password: YES)
### The error may exist in com/atguigu/yygh/hosp/mapper/HospitalSetMapper.java (best guess)
### The error may involve com.atguigu.yygh.hosp.mapper.HospitalSetMapper.selectList
### The error occurred while executing a query
### Cause: org.springframework.jdbc.CannotGetJdbcConnectionException: Failed to obtain JDBC Connection; nested exception is java.sql.SQLException: Access denied for user 'root'@'localhost' (using password: YES)]
2021-09-19 23:46:40.993 [restartedMain] WARN  com.netflix.config.sources.URLConfigurationSource - No URLs will be polled as dynamic configuration sources.
2021-09-19 23:46:40.999 [restartedMain] WARN  com.netflix.config.sources.URLConfigurationSource - No URLs will be polled as dynamic configuration sources.
