2021-09-25 11:18:37.480 [restartedMain] INFO  com.hospital.HospitalManageApplication - Starting HospitalManageApplication on DESKTOP-FSS4MH9 with PID 20716 (E:\mycode\shang\yygh_parent\hospital-manage\target\classes started by bella in E:\mycode\shang\yygh_parent)
2021-09-25 11:18:37.483 [restartedMain] INFO  com.hospital.HospitalManageApplication - The following profiles are active: dev
2021-09-25 11:18:37.522 [restartedMain] INFO  o.s.b.d.env.DevToolsPropertyDefaultsPostProcessor - Devtools property defaults active! Set 'spring.devtools.add-properties' to 'false' to disable
2021-09-25 11:18:37.522 [restartedMain] INFO  o.s.b.d.env.DevToolsPropertyDefaultsPostProcessor - For additional web related logging consider setting the 'logging.level.web' property to 'DEBUG'
2021-09-25 11:18:38.520 [restartedMain] INFO  o.s.c.s.PostProcessorRegistrationDelegate$BeanPostProcessorChecker - Bean 'org.springframework.transaction.annotation.ProxyTransactionManagementConfiguration' of type [org.springframework.transaction.annotation.ProxyTransactionManagementConfiguration] is not eligible for getting processed by all BeanPostProcessors (for example: not eligible for auto-proxying)
2021-09-25 11:18:38.816 [restartedMain] INFO  o.s.boot.web.embedded.tomcat.TomcatWebServer - Tomcat initialized with port(s): 9998 (http)
2021-09-25 11:18:38.824 [restartedMain] INFO  org.apache.coyote.http11.Http11NioProtocol - Initializing ProtocolHandler ["http-nio-9998"]
2021-09-25 11:18:38.825 [restartedMain] INFO  org.apache.catalina.core.StandardService - Starting service [Tomcat]
2021-09-25 11:18:38.826 [restartedMain] INFO  org.apache.catalina.core.StandardEngine - Starting Servlet engine: [Apache Tomcat/9.0.27]
2021-09-25 11:18:38.910 [restartedMain] INFO  o.a.c.core.ContainerBase.[Tomcat].[localhost].[/] - Initializing Spring embedded WebApplicationContext
2021-09-25 11:18:38.910 [restartedMain] INFO  org.springframework.web.context.ContextLoader - Root WebApplicationContext: initialization completed in 1387 ms
2021-09-25 11:18:39.080 [restartedMain] INFO  com.zaxxer.hikari.HikariDataSource - HikariPool-1 - Starting...
2021-09-25 11:18:39.613 [restartedMain] INFO  com.zaxxer.hikari.HikariDataSource - HikariPool-1 - Start completed.
2021-09-25 11:18:40.132 [restartedMain] INFO  s.d.s.w.PropertySourcedRequestMappingHandlerMapping - Mapped URL path [/v2/api-docs] onto method [springfox.documentation.swagger2.web.Swagger2Controller#getDocumentation(String, HttpServletRequest)]
2021-09-25 11:18:40.225 [restartedMain] INFO  o.s.scheduling.concurrent.ThreadPoolTaskExecutor - Initializing ExecutorService 'applicationTaskExecutor'
2021-09-25 11:18:40.265 [restartedMain] INFO  o.s.b.d.autoconfigure.OptionalLiveReloadServer - LiveReload server is running on port 35729
2021-09-25 11:18:40.460 [restartedMain] INFO  s.d.s.web.plugins.DocumentationPluginsBootstrapper - Context refreshed
2021-09-25 11:18:40.475 [restartedMain] INFO  s.d.s.web.plugins.DocumentationPluginsBootstrapper - Found 1 custom documentation plugin(s)
2021-09-25 11:18:40.510 [restartedMain] INFO  s.d.spring.web.scanners.ApiListingReferenceScanner - Scanning for api listing references
2021-09-25 11:18:40.529 [restartedMain] INFO  org.apache.coyote.http11.Http11NioProtocol - Starting ProtocolHandler ["http-nio-9998"]
2021-09-25 11:18:40.548 [restartedMain] INFO  o.s.boot.web.embedded.tomcat.TomcatWebServer - Tomcat started on port(s): 9998 (http) with context path ''
2021-09-25 11:18:40.551 [restartedMain] INFO  com.hospital.HospitalManageApplication - Started HospitalManageApplication in 3.777 seconds (JVM running for 5.581)
2021-09-25 11:19:18.576 [http-nio-9998-exec-1] INFO  o.a.c.core.ContainerBase.[Tomcat].[localhost].[/] - Initializing Spring DispatcherServlet 'dispatcherServlet'
2021-09-25 11:19:18.576 [http-nio-9998-exec-1] INFO  org.springframework.web.servlet.DispatcherServlet - Initializing Servlet 'dispatcherServlet'
2021-09-25 11:19:18.584 [http-nio-9998-exec-1] INFO  org.springframework.web.servlet.DispatcherServlet - Completed initialization in 6 ms
2021-09-25 12:00:17.069 [http-nio-9998-exec-6] INFO  com.hospital.utils.HttpRequestHelper - --> 发送请求：post data sign=c4ca4238a0b923820dcc509a6f75849b&hoscode=2021&timestamp=1632542417065&
2021-09-25 12:00:21.806 [http-nio-9998-exec-8] INFO  com.hospital.utils.HttpRequestHelper - 加密前：2021|10|1|1632542421805|1
2021-09-25 12:00:21.807 [http-nio-9998-exec-8] INFO  com.hospital.utils.HttpRequestHelper - 加密后：1c51ab5a840e82cbe5ee1230960bb928
2021-09-25 12:00:21.809 [http-nio-9998-exec-8] INFO  com.hospital.utils.HttpRequestHelper - --> 发送请求：post data limit=10&sign=1c51ab5a840e82cbe5ee1230960bb928&page=1&hoscode=2021&timestamp=1632542421805&
2021-09-25 12:00:24.107 [http-nio-9998-exec-4] INFO  com.hospital.utils.HttpRequestHelper - 加密前：2021|10|1|1632542424106|1
2021-09-25 12:00:24.108 [http-nio-9998-exec-4] INFO  com.hospital.utils.HttpRequestHelper - 加密后：b7a0bcc10854480129d03e79eacd333d
2021-09-25 12:00:24.110 [http-nio-9998-exec-4] INFO  com.hospital.utils.HttpRequestHelper - --> 发送请求：post data limit=10&sign=b7a0bcc10854480129d03e79eacd333d&page=1&hoscode=2021&timestamp=1632542424106&
2021-09-25 12:00:55.023 [http-nio-9998-exec-4] INFO  com.hospital.utils.HttpRequestHelper - --> 发送请求：post data sign=c4ca4238a0b923820dcc509a6f75849b&hoscode=2021&timestamp=1632542455020&
2021-09-25 12:01:52.722 [http-nio-9998-exec-7] INFO  com.hospital.utils.HttpRequestHelper - --> 发送请求：post data sign=c4ca4238a0b923820dcc509a6f75849b&hoscode=2021&timestamp=1632542512719&
2021-09-25 12:06:02.596 [http-nio-9998-exec-1] INFO  com.hospital.utils.HttpRequestHelper - --> 发送请求：post data sign=c4ca4238a0b923820dcc509a6f75849b&hoscode=2021&timestamp=1632542762594&
2021-09-25 12:06:22.401 [SpringContextShutdownHook] INFO  o.s.scheduling.concurrent.ThreadPoolTaskExecutor - Shutting down ExecutorService 'applicationTaskExecutor'
2021-09-25 12:06:22.403 [SpringContextShutdownHook] INFO  com.zaxxer.hikari.HikariDataSource - HikariPool-1 - Shutdown initiated...
2021-09-25 12:06:22.407 [SpringContextShutdownHook] INFO  com.zaxxer.hikari.HikariDataSource - HikariPool-1 - Shutdown completed.
2021-09-25 12:06:27.731 [restartedMain] INFO  com.hospital.HospitalManageApplication - Starting HospitalManageApplication on DESKTOP-FSS4MH9 with PID 9044 (E:\mycode\shang\yygh_parent\hospital-manage\target\classes started by bella in E:\mycode\shang\yygh_parent)
2021-09-25 12:06:27.734 [restartedMain] INFO  com.hospital.HospitalManageApplication - The following profiles are active: dev
2021-09-25 12:06:27.785 [restartedMain] INFO  o.s.b.d.env.DevToolsPropertyDefaultsPostProcessor - Devtools property defaults active! Set 'spring.devtools.add-properties' to 'false' to disable
2021-09-25 12:06:27.786 [restartedMain] INFO  o.s.b.d.env.DevToolsPropertyDefaultsPostProcessor - For additional web related logging consider setting the 'logging.level.web' property to 'DEBUG'
2021-09-25 12:06:28.869 [restartedMain] INFO  o.s.c.s.PostProcessorRegistrationDelegate$BeanPostProcessorChecker - Bean 'org.springframework.transaction.annotation.ProxyTransactionManagementConfiguration' of type [org.springframework.transaction.annotation.ProxyTransactionManagementConfiguration] is not eligible for getting processed by all BeanPostProcessors (for example: not eligible for auto-proxying)
2021-09-25 12:06:29.185 [restartedMain] INFO  o.s.boot.web.embedded.tomcat.TomcatWebServer - Tomcat initialized with port(s): 9998 (http)
2021-09-25 12:06:29.193 [restartedMain] INFO  org.apache.coyote.http11.Http11NioProtocol - Initializing ProtocolHandler ["http-nio-9998"]
2021-09-25 12:06:29.194 [restartedMain] INFO  org.apache.catalina.core.StandardService - Starting service [Tomcat]
2021-09-25 12:06:29.194 [restartedMain] INFO  org.apache.catalina.core.StandardEngine - Starting Servlet engine: [Apache Tomcat/9.0.27]
2021-09-25 12:06:29.293 [restartedMain] INFO  o.a.c.core.ContainerBase.[Tomcat].[localhost].[/] - Initializing Spring embedded WebApplicationContext
2021-09-25 12:06:29.293 [restartedMain] INFO  org.springframework.web.context.ContextLoader - Root WebApplicationContext: initialization completed in 1507 ms
2021-09-25 12:06:29.501 [restartedMain] INFO  com.zaxxer.hikari.HikariDataSource - HikariPool-1 - Starting...
2021-09-25 12:06:30.000 [restartedMain] INFO  com.zaxxer.hikari.HikariDataSource - HikariPool-1 - Start completed.
2021-09-25 12:06:30.492 [restartedMain] INFO  s.d.s.w.PropertySourcedRequestMappingHandlerMapping - Mapped URL path [/v2/api-docs] onto method [springfox.documentation.swagger2.web.Swagger2Controller#getDocumentation(String, HttpServletRequest)]
2021-09-25 12:06:30.585 [restartedMain] INFO  o.s.scheduling.concurrent.ThreadPoolTaskExecutor - Initializing ExecutorService 'applicationTaskExecutor'
2021-09-25 12:06:30.635 [restartedMain] INFO  o.s.b.d.autoconfigure.OptionalLiveReloadServer - LiveReload server is running on port 35729
2021-09-25 12:06:30.825 [restartedMain] INFO  s.d.s.web.plugins.DocumentationPluginsBootstrapper - Context refreshed
2021-09-25 12:06:30.840 [restartedMain] INFO  s.d.s.web.plugins.DocumentationPluginsBootstrapper - Found 1 custom documentation plugin(s)
2021-09-25 12:06:30.871 [restartedMain] INFO  s.d.spring.web.scanners.ApiListingReferenceScanner - Scanning for api listing references
2021-09-25 12:06:30.891 [restartedMain] INFO  org.apache.coyote.http11.Http11NioProtocol - Starting ProtocolHandler ["http-nio-9998"]
2021-09-25 12:06:30.914 [restartedMain] INFO  o.s.boot.web.embedded.tomcat.TomcatWebServer - Tomcat started on port(s): 9998 (http) with context path ''
2021-09-25 12:06:30.917 [restartedMain] INFO  com.hospital.HospitalManageApplication - Started HospitalManageApplication in 3.815 seconds (JVM running for 5.083)
2021-09-25 12:06:56.845 [http-nio-9998-exec-1] INFO  o.a.c.core.ContainerBase.[Tomcat].[localhost].[/] - Initializing Spring DispatcherServlet 'dispatcherServlet'
2021-09-25 12:06:56.845 [http-nio-9998-exec-1] INFO  org.springframework.web.servlet.DispatcherServlet - Initializing Servlet 'dispatcherServlet'
2021-09-25 12:06:56.850 [http-nio-9998-exec-1] INFO  org.springframework.web.servlet.DispatcherServlet - Completed initialization in 4 ms
2021-09-25 12:06:59.744 [http-nio-9998-exec-10] INFO  com.hospital.utils.HttpRequestHelper - --> 发送请求：post data sign=c4ca4238a0b923820dcc509a6f75849b&hoscode=2021&timestamp=1632542819739&
2021-09-25 12:08:11.275 [http-nio-9998-exec-4] INFO  com.hospital.utils.HttpRequestHelper - --> 发送请求：post data sign=c4ca4238a0b923820dcc509a6f75849b&hoscode=2021&timestamp=1632542891270&
2021-09-25 12:17:04.303 [SpringContextShutdownHook] INFO  o.s.scheduling.concurrent.ThreadPoolTaskExecutor - Shutting down ExecutorService 'applicationTaskExecutor'
2021-09-25 12:17:04.305 [SpringContextShutdownHook] INFO  com.zaxxer.hikari.HikariDataSource - HikariPool-1 - Shutdown initiated...
2021-09-25 12:17:04.314 [SpringContextShutdownHook] INFO  com.zaxxer.hikari.HikariDataSource - HikariPool-1 - Shutdown completed.
